{"/Users/dorian/unemployed/hackathron/src/llm/client.ts": {"path":"/Users/dorian/unemployed/hackathron/src/llm/client.ts","statementMap":{"0":{"start":{"line":4,"column":12},"end":{"line":4,"column":null}},"1":{"start":{"line":53,"column":22},"end":{"line":53,"column":null}},"2":{"start":{"line":75,"column":2},"end":{"line":82,"column":null}},"3":{"start":{"line":75,"column":49},"end":{"line":82,"column":4}},"4":{"start":{"line":90,"column":19},"end":{"line":90,"column":null}},"5":{"start":{"line":91,"column":16},"end":{"line":91,"column":null}},"6":{"start":{"line":92,"column":24},"end":{"line":92,"column":null}},"7":{"start":{"line":93,"column":50},"end":{"line":93,"column":null}},"8":{"start":{"line":94,"column":34},"end":{"line":97,"column":null}},"9":{"start":{"line":98,"column":8},"end":{"line":98,"column":null}},"10":{"start":{"line":98,"column":40},"end":{"line":98,"column":90}},"11":{"start":{"line":98,"column":50},"end":{"line":98,"column":90}},"12":{"start":{"line":98,"column":56},"end":{"line":98,"column":65}},"13":{"start":{"line":100,"column":2},"end":{"line":112,"column":null}},"14":{"start":{"line":101,"column":4},"end":{"line":101,"column":null}},"15":{"start":{"line":102,"column":4},"end":{"line":111,"column":null}},"16":{"start":{"line":114,"column":2},"end":{"line":127,"column":null}},"17":{"start":{"line":115,"column":4},"end":{"line":115,"column":null}},"18":{"start":{"line":116,"column":4},"end":{"line":126,"column":null}},"19":{"start":{"line":128,"column":2},"end":{"line":128,"column":null}},"20":{"start":{"line":130,"column":19},"end":{"line":130,"column":null}},"21":{"start":{"line":131,"column":36},"end":{"line":131,"column":null}},"22":{"start":{"line":133,"column":2},"end":{"line":219,"column":null}},"23":{"start":{"line":134,"column":4},"end":{"line":134,"column":null}},"24":{"start":{"line":136,"column":4},"end":{"line":151,"column":null}},"25":{"start":{"line":137,"column":6},"end":{"line":137,"column":null}},"26":{"start":{"line":139,"column":6},"end":{"line":139,"column":null}},"27":{"start":{"line":140,"column":6},"end":{"line":140,"column":null}},"28":{"start":{"line":141,"column":6},"end":{"line":150,"column":null}},"29":{"start":{"line":153,"column":29},"end":{"line":153,"column":null}},"30":{"start":{"line":154,"column":4},"end":{"line":154,"column":null}},"31":{"start":{"line":155,"column":4},"end":{"line":155,"column":null}},"32":{"start":{"line":156,"column":4},"end":{"line":158,"column":null}},"33":{"start":{"line":157,"column":6},"end":{"line":157,"column":null}},"34":{"start":{"line":159,"column":4},"end":{"line":159,"column":null}},"35":{"start":{"line":161,"column":18},"end":{"line":161,"column":null}},"36":{"start":{"line":162,"column":4},"end":{"line":162,"column":null}},"37":{"start":{"line":162,"column":28},"end":{"line":162,"column":null}},"38":{"start":{"line":164,"column":4},"end":{"line":218,"column":null}},"39":{"start":{"line":165,"column":23},"end":{"line":165,"column":null}},"40":{"start":{"line":166,"column":22},"end":{"line":166,"column":null}},"41":{"start":{"line":168,"column":6},"end":{"line":172,"column":null}},"42":{"start":{"line":169,"column":8},"end":{"line":169,"column":null}},"43":{"start":{"line":171,"column":8},"end":{"line":171,"column":null}},"44":{"start":{"line":173,"column":19},"end":{"line":173,"column":null}},"45":{"start":{"line":174,"column":6},"end":{"line":174,"column":null}},"46":{"start":{"line":177,"column":6},"end":{"line":193,"column":null}},"47":{"start":{"line":178,"column":8},"end":{"line":178,"column":null}},"48":{"start":{"line":179,"column":8},"end":{"line":179,"column":null}},"49":{"start":{"line":181,"column":23},"end":{"line":181,"column":null}},"50":{"start":{"line":182,"column":8},"end":{"line":192,"column":null}},"51":{"start":{"line":183,"column":10},"end":{"line":183,"column":null}},"52":{"start":{"line":184,"column":10},"end":{"line":184,"column":null}},"53":{"start":{"line":186,"column":10},"end":{"line":191,"column":null}},"54":{"start":{"line":187,"column":12},"end":{"line":187,"column":null}},"55":{"start":{"line":189,"column":12},"end":{"line":189,"column":null}},"56":{"start":{"line":190,"column":12},"end":{"line":190,"column":null}},"57":{"start":{"line":194,"column":6},"end":{"line":194,"column":null}},"58":{"start":{"line":196,"column":6},"end":{"line":209,"column":null}},"59":{"start":{"line":197,"column":18},"end":{"line":197,"column":null}},"60":{"start":{"line":198,"column":8},"end":{"line":208,"column":null}},"61":{"start":{"line":199,"column":10},"end":{"line":207,"column":null}},"62":{"start":{"line":211,"column":6},"end":{"line":211,"column":null}},"63":{"start":{"line":212,"column":6},"end":{"line":217,"column":null}},"64":{"start":{"line":221,"column":2},"end":{"line":221,"column":null}},"65":{"start":{"line":223,"column":2},"end":{"line":231,"column":null}},"66":{"start":{"line":235,"column":2},"end":{"line":235,"column":null}},"67":{"start":{"line":235,"column":31},"end":{"line":235,"column":null}},"68":{"start":{"line":235,"column":52},"end":{"line":235,"column":null}},"69":{"start":{"line":236,"column":2},"end":{"line":236,"column":null}},"70":{"start":{"line":240,"column":2},"end":{"line":240,"column":null}},"71":{"start":{"line":240,"column":33},"end":{"line":240,"column":null}},"72":{"start":{"line":241,"column":2},"end":{"line":241,"column":null}},"73":{"start":{"line":241,"column":30},"end":{"line":241,"column":null}},"74":{"start":{"line":242,"column":2},"end":{"line":242,"column":null}},"75":{"start":{"line":252,"column":2},"end":{"line":389,"column":null}},"76":{"start":{"line":253,"column":16},"end":{"line":257,"column":null}},"77":{"start":{"line":258,"column":18},"end":{"line":258,"column":null}},"78":{"start":{"line":259,"column":17},"end":{"line":265,"column":null}},"79":{"start":{"line":266,"column":20},"end":{"line":266,"column":null}},"80":{"start":{"line":267,"column":4},"end":{"line":275,"column":null}},"81":{"start":{"line":277,"column":24},"end":{"line":277,"column":null}},"82":{"start":{"line":278,"column":18},"end":{"line":278,"column":null}},"83":{"start":{"line":279,"column":4},"end":{"line":347,"column":null}},"84":{"start":{"line":280,"column":6},"end":{"line":280,"column":null}},"85":{"start":{"line":281,"column":6},"end":{"line":312,"column":null}},"86":{"start":{"line":282,"column":8},"end":{"line":289,"column":null}},"87":{"start":{"line":291,"column":8},"end":{"line":303,"column":null}},"88":{"start":{"line":292,"column":28},"end":{"line":292,"column":null}},"89":{"start":{"line":293,"column":10},"end":{"line":300,"column":null}},"90":{"start":{"line":301,"column":10},"end":{"line":301,"column":null}},"91":{"start":{"line":301,"column":35},"end":{"line":301,"column":59}},"92":{"start":{"line":302,"column":10},"end":{"line":302,"column":null}},"93":{"start":{"line":304,"column":8},"end":{"line":310,"column":null}},"94":{"start":{"line":311,"column":8},"end":{"line":311,"column":null}},"95":{"start":{"line":313,"column":6},"end":{"line":313,"column":null}},"96":{"start":{"line":313,"column":18},"end":{"line":313,"column":null}},"97":{"start":{"line":314,"column":24},"end":{"line":314,"column":null}},"98":{"start":{"line":315,"column":6},"end":{"line":329,"column":null}},"99":{"start":{"line":316,"column":24},"end":{"line":316,"column":null}},"100":{"start":{"line":317,"column":26},"end":{"line":317,"column":null}},"101":{"start":{"line":318,"column":8},"end":{"line":326,"column":null}},"102":{"start":{"line":327,"column":8},"end":{"line":327,"column":null}},"103":{"start":{"line":327,"column":33},"end":{"line":327,"column":57}},"104":{"start":{"line":328,"column":8},"end":{"line":328,"column":null}},"105":{"start":{"line":330,"column":22},"end":{"line":330,"column":null}},"106":{"start":{"line":331,"column":6},"end":{"line":345,"column":null}},"107":{"start":{"line":346,"column":6},"end":{"line":346,"column":null}},"108":{"start":{"line":348,"column":20},"end":{"line":348,"column":null}},"109":{"start":{"line":349,"column":19},"end":{"line":349,"column":null}},"110":{"start":{"line":350,"column":4},"end":{"line":358,"column":null}},"111":{"start":{"line":351,"column":6},"end":{"line":356,"column":null}},"112":{"start":{"line":357,"column":6},"end":{"line":357,"column":null}},"113":{"start":{"line":359,"column":17},"end":{"line":359,"column":null}},"114":{"start":{"line":360,"column":20},"end":{"line":360,"column":null}},"115":{"start":{"line":361,"column":4},"end":{"line":369,"column":null}},"116":{"start":{"line":362,"column":6},"end":{"line":367,"column":null}},"117":{"start":{"line":368,"column":6},"end":{"line":368,"column":null}},"118":{"start":{"line":370,"column":4},"end":{"line":375,"column":null}},"119":{"start":{"line":376,"column":4},"end":{"line":387,"column":null}},"120":{"start":{"line":377,"column":6},"end":{"line":386,"column":null}},"121":{"start":{"line":378,"column":20},"end":{"line":378,"column":null}},"122":{"start":{"line":379,"column":21},"end":{"line":379,"column":null}},"123":{"start":{"line":380,"column":21},"end":{"line":380,"column":null}},"124":{"start":{"line":381,"column":8},"end":{"line":385,"column":null}},"125":{"start":{"line":388,"column":4},"end":{"line":388,"column":null}},"126":{"start":{"line":391,"column":2},"end":{"line":391,"column":null}},"127":{"start":{"line":399,"column":18},"end":{"line":399,"column":null}},"128":{"start":{"line":400,"column":2},"end":{"line":400,"column":null}},"129":{"start":{"line":400,"column":16},"end":{"line":400,"column":null}},"130":{"start":{"line":401,"column":17},"end":{"line":405,"column":null}},"131":{"start":{"line":403,"column":16},"end":{"line":403,"column":24}},"132":{"start":{"line":404,"column":19},"end":{"line":404,"column":31}},"133":{"start":{"line":405,"column":16},"end":{"line":405,"column":42}},"134":{"start":{"line":406,"column":46},"end":{"line":406,"column":null}},"135":{"start":{"line":407,"column":2},"end":{"line":422,"column":null}},"136":{"start":{"line":408,"column":46},"end":{"line":408,"column":null}},"137":{"start":{"line":409,"column":4},"end":{"line":413,"column":null}},"138":{"start":{"line":410,"column":6},"end":{"line":410,"column":null}},"139":{"start":{"line":412,"column":6},"end":{"line":412,"column":null}},"140":{"start":{"line":414,"column":4},"end":{"line":418,"column":null}},"141":{"start":{"line":415,"column":18},"end":{"line":415,"column":null}},"142":{"start":{"line":416,"column":6},"end":{"line":416,"column":null}},"143":{"start":{"line":417,"column":6},"end":{"line":417,"column":null}},"144":{"start":{"line":419,"column":4},"end":{"line":421,"column":null}},"145":{"start":{"line":420,"column":6},"end":{"line":420,"column":null}},"146":{"start":{"line":423,"column":2},"end":{"line":423,"column":null}},"147":{"start":{"line":423,"column":17},"end":{"line":423,"column":null}},"148":{"start":{"line":424,"column":2},"end":{"line":424,"column":null}}},"fnMap":{"0":{"name":"toOpenAiTools","decl":{"start":{"line":74,"column":9},"end":{"line":74,"column":57}},"loc":{"start":{"line":74,"column":57},"end":{"line":83,"column":null}},"line":74},"1":{"name":"(anonymous_1)","decl":{"start":{"line":75,"column":21},"end":{"line":75,"column":26}},"loc":{"start":{"line":75,"column":49},"end":{"line":82,"column":4}},"line":75},"2":{"name":"runLlmAgent","decl":{"start":{"line":85,"column":22},"end":{"line":85,"column":null}},"loc":{"start":{"line":89,"column":28},"end":{"line":232,"column":null}},"line":89},"3":{"name":"(anonymous_3)","decl":{"start":{"line":98,"column":8},"end":{"line":98,"column":16}},"loc":{"start":{"line":98,"column":38},"end":{"line":98,"column":null}},"line":98},"4":{"name":"getToolByName","decl":{"start":{"line":234,"column":9},"end":{"line":234,"column":23}},"loc":{"start":{"line":234,"column":60},"end":{"line":237,"column":null}},"line":234},"5":{"name":"defaultModel","decl":{"start":{"line":239,"column":9},"end":{"line":239,"column":22}},"loc":{"start":{"line":239,"column":48},"end":{"line":243,"column":null}},"line":239},"6":{"name":"callProvider","decl":{"start":{"line":251,"column":15},"end":{"line":251,"column":28}},"loc":{"start":{"line":251,"column":106},"end":{"line":392,"column":null}},"line":251},"7":{"name":"(anonymous_7)","decl":{"start":{"line":301,"column":20},"end":{"line":301,"column":29}},"loc":{"start":{"line":301,"column":35},"end":{"line":301,"column":59}},"line":301},"8":{"name":"(anonymous_8)","decl":{"start":{"line":327,"column":18},"end":{"line":327,"column":27}},"loc":{"start":{"line":327,"column":33},"end":{"line":327,"column":57}},"line":327},"9":{"name":"(anonymous_9)","decl":{"start":{"line":377,"column":46},"end":{"line":377,"column":51}},"loc":{"start":{"line":377,"column":57},"end":{"line":386,"column":7}},"line":377},"10":{"name":"parseChatCompletionsResponse","decl":{"start":{"line":398,"column":9},"end":{"line":398,"column":38}},"loc":{"start":{"line":398,"column":75},"end":{"line":425,"column":null}},"line":398},"11":{"name":"(anonymous_11)","decl":{"start":{"line":403,"column":5},"end":{"line":403,"column":10}},"loc":{"start":{"line":403,"column":16},"end":{"line":403,"column":24}},"line":403},"12":{"name":"(anonymous_12)","decl":{"start":{"line":404,"column":5},"end":{"line":404,"column":13}},"loc":{"start":{"line":404,"column":19},"end":{"line":404,"column":31}},"line":404},"13":{"name":"(anonymous_13)","decl":{"start":{"line":405,"column":5},"end":{"line":405,"column":10}},"loc":{"start":{"line":405,"column":16},"end":{"line":405,"column":42}},"line":405}},"branchMap":{"0":{"loc":{"start":{"line":90,"column":19},"end":{"line":90,"column":null}},"type":"binary-expr","locations":[{"start":{"line":90,"column":19},"end":{"line":90,"column":37}},{"start":{"line":90,"column":37},"end":{"line":90,"column":null}}],"line":90},"1":{"loc":{"start":{"line":91,"column":16},"end":{"line":91,"column":null}},"type":"binary-expr","locations":[{"start":{"line":91,"column":16},"end":{"line":91,"column":29}},{"start":{"line":91,"column":29},"end":{"line":91,"column":44}},{"start":{"line":91,"column":44},"end":{"line":91,"column":null}}],"line":91},"2":{"loc":{"start":{"line":92,"column":49},"end":{"line":92,"column":71}},"type":"binary-expr","locations":[{"start":{"line":92,"column":49},"end":{"line":92,"column":70}},{"start":{"line":92,"column":70},"end":{"line":92,"column":71}}],"line":92},"3":{"loc":{"start":{"line":98,"column":40},"end":{"line":98,"column":90}},"type":"if","locations":[{"start":{"line":98,"column":40},"end":{"line":98,"column":90}},{"start":{},"end":{}}],"line":98},"4":{"loc":{"start":{"line":100,"column":2},"end":{"line":112,"column":null}},"type":"if","locations":[{"start":{"line":100,"column":2},"end":{"line":112,"column":null}},{"start":{},"end":{}}],"line":100},"5":{"loc":{"start":{"line":109,"column":14},"end":{"line":109,"column":null}},"type":"cond-expr","locations":[{"start":{"line":109,"column":29},"end":{"line":109,"column":37}},{"start":{"line":109,"column":37},"end":{"line":109,"column":null}}],"line":109},"6":{"loc":{"start":{"line":114,"column":2},"end":{"line":127,"column":null}},"type":"if","locations":[{"start":{"line":114,"column":2},"end":{"line":127,"column":null}},{"start":{},"end":{}}],"line":114},"7":{"loc":{"start":{"line":155,"column":19},"end":{"line":155,"column":null}},"type":"cond-expr","locations":[{"start":{"line":155,"column":66},"end":{"line":155,"column":93}},{"start":{"line":155,"column":93},"end":{"line":155,"column":null}}],"line":155},"8":{"loc":{"start":{"line":156,"column":4},"end":{"line":158,"column":null}},"type":"if","locations":[{"start":{"line":156,"column":4},"end":{"line":158,"column":null}},{"start":{},"end":{}}],"line":156},"9":{"loc":{"start":{"line":156,"column":8},"end":{"line":156,"column":82}},"type":"binary-expr","locations":[{"start":{"line":156,"column":8},"end":{"line":156,"column":56}},{"start":{"line":156,"column":56},"end":{"line":156,"column":82}}],"line":156},"10":{"loc":{"start":{"line":159,"column":84},"end":{"line":159,"column":118}},"type":"binary-expr","locations":[{"start":{"line":159,"column":84},"end":{"line":159,"column":115}},{"start":{"line":159,"column":115},"end":{"line":159,"column":118}}],"line":159},"11":{"loc":{"start":{"line":161,"column":18},"end":{"line":161,"column":null}},"type":"binary-expr","locations":[{"start":{"line":161,"column":18},"end":{"line":161,"column":49}},{"start":{"line":161,"column":49},"end":{"line":161,"column":null}}],"line":161},"12":{"loc":{"start":{"line":162,"column":4},"end":{"line":162,"column":null}},"type":"if","locations":[{"start":{"line":162,"column":4},"end":{"line":162,"column":null}},{"start":{},"end":{}}],"line":162},"13":{"loc":{"start":{"line":165,"column":23},"end":{"line":165,"column":null}},"type":"binary-expr","locations":[{"start":{"line":165,"column":23},"end":{"line":165,"column":36}},{"start":{"line":165,"column":36},"end":{"line":165,"column":59}},{"start":{"line":165,"column":59},"end":{"line":165,"column":null}}],"line":165},"14":{"loc":{"start":{"line":166,"column":22},"end":{"line":166,"column":null}},"type":"binary-expr","locations":[{"start":{"line":166,"column":22},"end":{"line":166,"column":40}},{"start":{"line":166,"column":40},"end":{"line":166,"column":68}},{"start":{"line":166,"column":68},"end":{"line":166,"column":null}}],"line":166},"15":{"loc":{"start":{"line":177,"column":6},"end":{"line":193,"column":null}},"type":"if","locations":[{"start":{"line":177,"column":6},"end":{"line":193,"column":null}},{"start":{"line":180,"column":13},"end":{"line":193,"column":null}}],"line":177},"16":{"loc":{"start":{"line":182,"column":8},"end":{"line":192,"column":null}},"type":"if","locations":[{"start":{"line":182,"column":8},"end":{"line":192,"column":null}},{"start":{"line":185,"column":15},"end":{"line":192,"column":null}}],"line":182},"17":{"loc":{"start":{"line":196,"column":6},"end":{"line":209,"column":null}},"type":"if","locations":[{"start":{"line":196,"column":6},"end":{"line":209,"column":null}},{"start":{},"end":{}}],"line":196},"18":{"loc":{"start":{"line":196,"column":10},"end":{"line":196,"column":48}},"type":"binary-expr","locations":[{"start":{"line":196,"column":10},"end":{"line":196,"column":20}},{"start":{"line":196,"column":20},"end":{"line":196,"column":48}}],"line":196},"19":{"loc":{"start":{"line":198,"column":8},"end":{"line":208,"column":null}},"type":"if","locations":[{"start":{"line":198,"column":8},"end":{"line":208,"column":null}},{"start":{},"end":{}}],"line":198},"20":{"loc":{"start":{"line":198,"column":12},"end":{"line":198,"column":52}},"type":"binary-expr","locations":[{"start":{"line":198,"column":12},"end":{"line":198,"column":23}},{"start":{"line":198,"column":23},"end":{"line":198,"column":52}}],"line":198},"21":{"loc":{"start":{"line":204,"column":18},"end":{"line":204,"column":null}},"type":"cond-expr","locations":[{"start":{"line":204,"column":47},"end":{"line":204,"column":56}},{"start":{"line":204,"column":56},"end":{"line":204,"column":null}}],"line":204},"22":{"loc":{"start":{"line":205,"column":24},"end":{"line":205,"column":null}},"type":"cond-expr","locations":[{"start":{"line":205,"column":59},"end":{"line":205,"column":74}},{"start":{"line":205,"column":74},"end":{"line":205,"column":null}}],"line":205},"23":{"loc":{"start":{"line":206,"column":31},"end":{"line":206,"column":null}},"type":"cond-expr","locations":[{"start":{"line":206,"column":73},"end":{"line":206,"column":95}},{"start":{"line":206,"column":95},"end":{"line":206,"column":null}}],"line":206},"24":{"loc":{"start":{"line":214,"column":17},"end":{"line":214,"column":null}},"type":"cond-expr","locations":[{"start":{"line":214,"column":46},"end":{"line":214,"column":55}},{"start":{"line":214,"column":55},"end":{"line":214,"column":null}}],"line":214},"25":{"loc":{"start":{"line":235,"column":31},"end":{"line":235,"column":null}},"type":"if","locations":[{"start":{"line":235,"column":31},"end":{"line":235,"column":null}},{"start":{},"end":{}}],"line":235},"26":{"loc":{"start":{"line":240,"column":2},"end":{"line":240,"column":null}},"type":"if","locations":[{"start":{"line":240,"column":2},"end":{"line":240,"column":null}},{"start":{},"end":{}}],"line":240},"27":{"loc":{"start":{"line":241,"column":2},"end":{"line":241,"column":null}},"type":"if","locations":[{"start":{"line":241,"column":2},"end":{"line":241,"column":null}},{"start":{},"end":{}}],"line":241},"28":{"loc":{"start":{"line":252,"column":2},"end":{"line":389,"column":null}},"type":"if","locations":[{"start":{"line":252,"column":2},"end":{"line":389,"column":null}},{"start":{},"end":{}}],"line":252},"29":{"loc":{"start":{"line":252,"column":6},"end":{"line":252,"column":84}},"type":"binary-expr","locations":[{"start":{"line":252,"column":6},"end":{"line":252,"column":31}},{"start":{"line":252,"column":31},"end":{"line":252,"column":60}},{"start":{"line":252,"column":60},"end":{"line":252,"column":84}}],"line":252},"30":{"loc":{"start":{"line":253,"column":16},"end":{"line":257,"column":null}},"type":"cond-expr","locations":[{"start":{"line":254,"column":8},"end":{"line":254,"column":null}},{"start":{"line":255,"column":8},"end":{"line":257,"column":null}}],"line":253},"31":{"loc":{"start":{"line":255,"column":8},"end":{"line":257,"column":null}},"type":"cond-expr","locations":[{"start":{"line":256,"column":8},"end":{"line":256,"column":null}},{"start":{"line":257,"column":8},"end":{"line":257,"column":null}}],"line":255},"32":{"loc":{"start":{"line":291,"column":8},"end":{"line":303,"column":null}},"type":"if","locations":[{"start":{"line":291,"column":8},"end":{"line":303,"column":null}},{"start":{},"end":{}}],"line":291},"33":{"loc":{"start":{"line":313,"column":6},"end":{"line":313,"column":null}},"type":"if","locations":[{"start":{"line":313,"column":6},"end":{"line":313,"column":null}},{"start":{},"end":{}}],"line":313},"34":{"loc":{"start":{"line":314,"column":24},"end":{"line":314,"column":null}},"type":"binary-expr","locations":[{"start":{"line":314,"column":24},"end":{"line":314,"column":46}},{"start":{"line":314,"column":46},"end":{"line":314,"column":68}},{"start":{"line":314,"column":68},"end":{"line":314,"column":90}},{"start":{"line":314,"column":90},"end":{"line":314,"column":112}},{"start":{"line":314,"column":112},"end":{"line":314,"column":null}}],"line":314},"35":{"loc":{"start":{"line":315,"column":6},"end":{"line":329,"column":null}},"type":"if","locations":[{"start":{"line":315,"column":6},"end":{"line":329,"column":null}},{"start":{},"end":{}}],"line":315},"36":{"loc":{"start":{"line":315,"column":10},"end":{"line":315,"column":46}},"type":"binary-expr","locations":[{"start":{"line":315,"column":10},"end":{"line":315,"column":23}},{"start":{"line":315,"column":23},"end":{"line":315,"column":46}}],"line":315},"37":{"loc":{"start":{"line":350,"column":4},"end":{"line":358,"column":null}},"type":"if","locations":[{"start":{"line":350,"column":4},"end":{"line":358,"column":null}},{"start":{},"end":{}}],"line":350},"38":{"loc":{"start":{"line":361,"column":4},"end":{"line":369,"column":null}},"type":"if","locations":[{"start":{"line":361,"column":4},"end":{"line":369,"column":null}},{"start":{},"end":{}}],"line":361},"39":{"loc":{"start":{"line":374,"column":21},"end":{"line":374,"column":null}},"type":"cond-expr","locations":[{"start":{"line":374,"column":57},"end":{"line":374,"column":85}},{"start":{"line":374,"column":85},"end":{"line":374,"column":null}}],"line":374},"40":{"loc":{"start":{"line":376,"column":4},"end":{"line":387,"column":null}},"type":"if","locations":[{"start":{"line":376,"column":4},"end":{"line":387,"column":null}},{"start":{},"end":{}}],"line":376},"41":{"loc":{"start":{"line":378,"column":20},"end":{"line":378,"column":null}},"type":"binary-expr","locations":[{"start":{"line":378,"column":20},"end":{"line":378,"column":88}},{"start":{"line":378,"column":88},"end":{"line":378,"column":null}}],"line":378},"42":{"loc":{"start":{"line":379,"column":28},"end":{"line":379,"column":75}},"type":"binary-expr","locations":[{"start":{"line":379,"column":28},"end":{"line":379,"column":41}},{"start":{"line":379,"column":41},"end":{"line":379,"column":73}},{"start":{"line":379,"column":73},"end":{"line":379,"column":75}}],"line":379},"43":{"loc":{"start":{"line":380,"column":28},"end":{"line":380,"column":92}},"type":"binary-expr","locations":[{"start":{"line":380,"column":28},"end":{"line":380,"column":46}},{"start":{"line":380,"column":46},"end":{"line":380,"column":88}},{"start":{"line":380,"column":88},"end":{"line":380,"column":92}}],"line":380},"44":{"loc":{"start":{"line":382,"column":21},"end":{"line":382,"column":31}},"type":"binary-expr","locations":[{"start":{"line":382,"column":21},"end":{"line":382,"column":29}},{"start":{"line":382,"column":29},"end":{"line":382,"column":31}}],"line":382},"45":{"loc":{"start":{"line":400,"column":2},"end":{"line":400,"column":null}},"type":"if","locations":[{"start":{"line":400,"column":2},"end":{"line":400,"column":null}},{"start":{},"end":{}}],"line":400},"46":{"loc":{"start":{"line":414,"column":4},"end":{"line":418,"column":null}},"type":"if","locations":[{"start":{"line":414,"column":4},"end":{"line":418,"column":null}},{"start":{},"end":{}}],"line":414},"47":{"loc":{"start":{"line":416,"column":29},"end":{"line":416,"column":70}},"type":"binary-expr","locations":[{"start":{"line":416,"column":29},"end":{"line":416,"column":45}},{"start":{"line":416,"column":45},"end":{"line":416,"column":70}}],"line":416},"48":{"loc":{"start":{"line":419,"column":4},"end":{"line":421,"column":null}},"type":"if","locations":[{"start":{"line":419,"column":4},"end":{"line":421,"column":null}},{"start":{},"end":{}}],"line":419},"49":{"loc":{"start":{"line":423,"column":2},"end":{"line":423,"column":null}},"type":"if","locations":[{"start":{"line":423,"column":2},"end":{"line":423,"column":null}},{"start":{},"end":{}}],"line":423}},"s":{"0":1,"1":1,"2":30,"3":30,"4":27,"5":27,"6":27,"7":27,"8":27,"9":27,"10":111,"11":24,"12":24,"13":27,"14":2,"15":2,"16":25,"17":1,"18":1,"19":24,"20":24,"21":24,"22":24,"23":30,"24":30,"25":30,"26":4,"27":4,"28":4,"29":26,"30":26,"31":26,"32":30,"33":21,"34":26,"35":30,"36":30,"37":20,"38":6,"39":6,"40":6,"41":6,"42":6,"43":1,"44":6,"45":6,"46":6,"47":1,"48":1,"49":5,"50":5,"51":2,"52":2,"53":3,"54":3,"55":1,"56":1,"57":6,"58":6,"59":6,"60":6,"61":1,"62":6,"63":6,"64":20,"65":20,"66":6,"67":6,"68":5,"69":1,"70":26,"71":2,"72":24,"73":2,"74":22,"75":30,"76":30,"77":30,"78":30,"79":30,"80":30,"81":30,"82":30,"83":30,"84":36,"85":36,"86":36,"87":3,"88":2,"89":2,"90":2,"91":2,"92":2,"93":1,"94":1,"95":33,"96":27,"97":6,"98":36,"99":4,"100":4,"101":4,"102":4,"103":4,"104":4,"105":2,"106":2,"107":2,"108":27,"109":27,"110":27,"111":1,"112":1,"113":26,"114":26,"115":30,"116":0,"117":0,"118":26,"119":30,"120":6,"121":6,"122":6,"123":6,"124":6,"125":26,"126":0,"127":27,"128":27,"129":0,"130":27,"131":27,"132":27,"133":27,"134":27,"135":27,"136":27,"137":27,"138":27,"139":0,"140":27,"141":0,"142":0,"143":0,"144":27,"145":26,"146":1,"147":0,"148":1},"f":{"0":30,"1":30,"2":27,"3":111,"4":6,"5":26,"6":30,"7":2,"8":4,"9":6,"10":27,"11":27,"12":27,"13":27},"b":{"0":[27,0],"1":[27,26,26],"2":[27,23],"3":[24,87],"4":[2,25],"5":[2,0],"6":[1,24],"7":[26,0],"8":[21,9],"9":[30,26],"10":[26,20],"11":[30,20],"12":[20,10],"13":[6,6,0],"14":[6,6,0],"15":[1,5],"16":[2,3],"17":[6,0],"18":[6,6],"19":[1,5],"20":[6,1],"21":[1,0],"22":[1,0],"23":[1,0],"24":[0,6],"25":[5,1],"26":[2,24],"27":[2,22],"28":[30,0],"29":[30,4,2],"30":[2,28],"31":[2,26],"32":[2,1],"33":[27,6],"34":[6,4,1,1,1],"35":[4,32],"36":[36,5],"37":[1,26],"38":[0,30],"39":[6,20],"40":[6,24],"41":[6,0],"42":[6,0,0],"43":[6,0,0],"44":[6,0],"45":[0,27],"46":[0,27],"47":[0,0],"48":[26,1],"49":[0,1]},"meta":{"lastBranch":50,"lastFunction":14,"lastStatement":149,"seen":{"s:4:12:4:Infinity":0,"s:53:22:53:Infinity":1,"f:74:9:74:57":0,"s:75:2:82:Infinity":2,"f:75:21:75:26":1,"s:75:49:82:4":3,"f:85:22:85:Infinity":2,"s:90:19:90:Infinity":4,"b:90:19:90:37:90:37:90:Infinity":0,"s:91:16:91:Infinity":5,"b:91:16:91:29:91:29:91:44:91:44:91:Infinity":1,"s:92:24:92:Infinity":6,"b:92:49:92:70:92:70:92:71":2,"s:93:50:93:Infinity":7,"s:94:34:97:Infinity":8,"s:98:8:98:Infinity":9,"f:98:8:98:16":3,"b:98:40:98:90:undefined:undefined:undefined:undefined":3,"s:98:40:98:90":10,"s:98:50:98:90":11,"s:98:56:98:65":12,"b:100:2:112:Infinity:undefined:undefined:undefined:undefined":4,"s:100:2:112:Infinity":13,"s:101:4:101:Infinity":14,"s:102:4:111:Infinity":15,"b:109:29:109:37:109:37:109:Infinity":5,"b:114:2:127:Infinity:undefined:undefined:undefined:undefined":6,"s:114:2:127:Infinity":16,"s:115:4:115:Infinity":17,"s:116:4:126:Infinity":18,"s:128:2:128:Infinity":19,"s:130:19:130:Infinity":20,"s:131:36:131:Infinity":21,"s:133:2:219:Infinity":22,"s:134:4:134:Infinity":23,"s:136:4:151:Infinity":24,"s:137:6:137:Infinity":25,"s:139:6:139:Infinity":26,"s:140:6:140:Infinity":27,"s:141:6:150:Infinity":28,"s:153:29:153:Infinity":29,"s:154:4:154:Infinity":30,"s:155:4:155:Infinity":31,"b:155:66:155:93:155:93:155:Infinity":7,"b:156:4:158:Infinity:undefined:undefined:undefined:undefined":8,"s:156:4:158:Infinity":32,"b:156:8:156:56:156:56:156:82":9,"s:157:6:157:Infinity":33,"s:159:4:159:Infinity":34,"b:159:84:159:115:159:115:159:118":10,"s:161:18:161:Infinity":35,"b:161:18:161:49:161:49:161:Infinity":11,"b:162:4:162:Infinity:undefined:undefined:undefined:undefined":12,"s:162:4:162:Infinity":36,"s:162:28:162:Infinity":37,"s:164:4:218:Infinity":38,"s:165:23:165:Infinity":39,"b:165:23:165:36:165:36:165:59:165:59:165:Infinity":13,"s:166:22:166:Infinity":40,"b:166:22:166:40:166:40:166:68:166:68:166:Infinity":14,"s:168:6:172:Infinity":41,"s:169:8:169:Infinity":42,"s:171:8:171:Infinity":43,"s:173:19:173:Infinity":44,"s:174:6:174:Infinity":45,"b:177:6:193:Infinity:180:13:193:Infinity":15,"s:177:6:193:Infinity":46,"s:178:8:178:Infinity":47,"s:179:8:179:Infinity":48,"s:181:23:181:Infinity":49,"b:182:8:192:Infinity:185:15:192:Infinity":16,"s:182:8:192:Infinity":50,"s:183:10:183:Infinity":51,"s:184:10:184:Infinity":52,"s:186:10:191:Infinity":53,"s:187:12:187:Infinity":54,"s:189:12:189:Infinity":55,"s:190:12:190:Infinity":56,"s:194:6:194:Infinity":57,"b:196:6:209:Infinity:undefined:undefined:undefined:undefined":17,"s:196:6:209:Infinity":58,"b:196:10:196:20:196:20:196:48":18,"s:197:18:197:Infinity":59,"b:198:8:208:Infinity:undefined:undefined:undefined:undefined":19,"s:198:8:208:Infinity":60,"b:198:12:198:23:198:23:198:52":20,"s:199:10:207:Infinity":61,"b:204:47:204:56:204:56:204:Infinity":21,"b:205:59:205:74:205:74:205:Infinity":22,"b:206:73:206:95:206:95:206:Infinity":23,"s:211:6:211:Infinity":62,"s:212:6:217:Infinity":63,"b:214:46:214:55:214:55:214:Infinity":24,"s:221:2:221:Infinity":64,"s:223:2:231:Infinity":65,"f:234:9:234:23":4,"s:235:2:235:Infinity":66,"b:235:31:235:Infinity:undefined:undefined:undefined:undefined":25,"s:235:31:235:Infinity":67,"s:235:52:235:Infinity":68,"s:236:2:236:Infinity":69,"f:239:9:239:22":5,"b:240:2:240:Infinity:undefined:undefined:undefined:undefined":26,"s:240:2:240:Infinity":70,"s:240:33:240:Infinity":71,"b:241:2:241:Infinity:undefined:undefined:undefined:undefined":27,"s:241:2:241:Infinity":72,"s:241:30:241:Infinity":73,"s:242:2:242:Infinity":74,"f:251:15:251:28":6,"b:252:2:389:Infinity:undefined:undefined:undefined:undefined":28,"s:252:2:389:Infinity":75,"b:252:6:252:31:252:31:252:60:252:60:252:84":29,"s:253:16:257:Infinity":76,"b:254:8:254:Infinity:255:8:257:Infinity":30,"b:256:8:256:Infinity:257:8:257:Infinity":31,"s:258:18:258:Infinity":77,"s:259:17:265:Infinity":78,"s:266:20:266:Infinity":79,"s:267:4:275:Infinity":80,"s:277:24:277:Infinity":81,"s:278:18:278:Infinity":82,"s:279:4:347:Infinity":83,"s:280:6:280:Infinity":84,"s:281:6:312:Infinity":85,"s:282:8:289:Infinity":86,"b:291:8:303:Infinity:undefined:undefined:undefined:undefined":32,"s:291:8:303:Infinity":87,"s:292:28:292:Infinity":88,"s:293:10:300:Infinity":89,"s:301:10:301:Infinity":90,"f:301:20:301:29":7,"s:301:35:301:59":91,"s:302:10:302:Infinity":92,"s:304:8:310:Infinity":93,"s:311:8:311:Infinity":94,"b:313:6:313:Infinity:undefined:undefined:undefined:undefined":33,"s:313:6:313:Infinity":95,"s:313:18:313:Infinity":96,"s:314:24:314:Infinity":97,"b:314:24:314:46:314:46:314:68:314:68:314:90:314:90:314:112:314:112:314:Infinity":34,"b:315:6:329:Infinity:undefined:undefined:undefined:undefined":35,"s:315:6:329:Infinity":98,"b:315:10:315:23:315:23:315:46":36,"s:316:24:316:Infinity":99,"s:317:26:317:Infinity":100,"s:318:8:326:Infinity":101,"s:327:8:327:Infinity":102,"f:327:18:327:27":8,"s:327:33:327:57":103,"s:328:8:328:Infinity":104,"s:330:22:330:Infinity":105,"s:331:6:345:Infinity":106,"s:346:6:346:Infinity":107,"s:348:20:348:Infinity":108,"s:349:19:349:Infinity":109,"b:350:4:358:Infinity:undefined:undefined:undefined:undefined":37,"s:350:4:358:Infinity":110,"s:351:6:356:Infinity":111,"s:357:6:357:Infinity":112,"s:359:17:359:Infinity":113,"s:360:20:360:Infinity":114,"b:361:4:369:Infinity:undefined:undefined:undefined:undefined":38,"s:361:4:369:Infinity":115,"s:362:6:367:Infinity":116,"s:368:6:368:Infinity":117,"s:370:4:375:Infinity":118,"b:374:57:374:85:374:85:374:Infinity":39,"b:376:4:387:Infinity:undefined:undefined:undefined:undefined":40,"s:376:4:387:Infinity":119,"s:377:6:386:Infinity":120,"f:377:46:377:51":9,"s:378:20:378:Infinity":121,"b:378:20:378:88:378:88:378:Infinity":41,"s:379:21:379:Infinity":122,"b:379:28:379:41:379:41:379:73:379:73:379:75":42,"s:380:21:380:Infinity":123,"b:380:28:380:46:380:46:380:88:380:88:380:92":43,"s:381:8:385:Infinity":124,"b:382:21:382:29:382:29:382:31":44,"s:388:4:388:Infinity":125,"s:391:2:391:Infinity":126,"f:398:9:398:38":10,"s:399:18:399:Infinity":127,"b:400:2:400:Infinity:undefined:undefined:undefined:undefined":45,"s:400:2:400:Infinity":128,"s:400:16:400:Infinity":129,"s:401:17:405:Infinity":130,"f:403:5:403:10":11,"s:403:16:403:24":131,"f:404:5:404:13":12,"s:404:19:404:31":132,"f:405:5:405:10":13,"s:405:16:405:42":133,"s:406:46:406:Infinity":134,"s:407:2:422:Infinity":135,"s:408:46:408:Infinity":136,"s:409:4:413:Infinity":137,"s:410:6:410:Infinity":138,"s:412:6:412:Infinity":139,"b:414:4:418:Infinity:undefined:undefined:undefined:undefined":46,"s:414:4:418:Infinity":140,"s:415:18:415:Infinity":141,"s:416:6:416:Infinity":142,"b:416:29:416:45:416:45:416:70":47,"s:417:6:417:Infinity":143,"b:419:4:421:Infinity:undefined:undefined:undefined:undefined":48,"s:419:4:421:Infinity":144,"s:420:6:420:Infinity":145,"b:423:2:423:Infinity:undefined:undefined:undefined:undefined":49,"s:423:2:423:Infinity":146,"s:423:17:423:Infinity":147,"s:424:2:424:Infinity":148},"fnNames":{}}}
,"/Users/dorian/unemployed/hackathron/src/llm/key-vault.ts": {"path":"/Users/dorian/unemployed/hackathron/src/llm/key-vault.ts","statementMap":{"0":{"start":{"line":7,"column":12},"end":{"line":7,"column":null}},"1":{"start":{"line":9,"column":19},"end":{"line":9,"column":null}},"2":{"start":{"line":22,"column":26},"end":{"line":22,"column":null}},"3":{"start":{"line":25,"column":17},"end":{"line":25,"column":null}},"4":{"start":{"line":26,"column":2},"end":{"line":26,"column":null}},"5":{"start":{"line":30,"column":13},"end":{"line":30,"column":null}},"6":{"start":{"line":31,"column":17},"end":{"line":31,"column":null}},"7":{"start":{"line":32,"column":14},"end":{"line":32,"column":null}},"8":{"start":{"line":33,"column":14},"end":{"line":33,"column":null}},"9":{"start":{"line":34,"column":2},"end":{"line":34,"column":null}},"10":{"start":{"line":38,"column":16},"end":{"line":38,"column":null}},"11":{"start":{"line":39,"column":2},"end":{"line":39,"column":null}},"12":{"start":{"line":39,"column":26},"end":{"line":39,"column":null}},"13":{"start":{"line":40,"column":25},"end":{"line":40,"column":null}},"14":{"start":{"line":41,"column":2},"end":{"line":41,"column":null}},"15":{"start":{"line":41,"column":27},"end":{"line":41,"column":null}},"16":{"start":{"line":42,"column":19},"end":{"line":42,"column":null}},"17":{"start":{"line":43,"column":2},"end":{"line":43,"column":null}},"18":{"start":{"line":44,"column":14},"end":{"line":44,"column":null}},"19":{"start":{"line":45,"column":2},"end":{"line":45,"column":null}},"20":{"start":{"line":49,"column":2},"end":{"line":49,"column":null}},"21":{"start":{"line":49,"column":13},"end":{"line":49,"column":null}},"22":{"start":{"line":50,"column":2},"end":{"line":53,"column":null}},"23":{"start":{"line":51,"column":4},"end":{"line":51,"column":null}},"24":{"start":{"line":52,"column":4},"end":{"line":52,"column":null}},"25":{"start":{"line":54,"column":2},"end":{"line":63,"column":null}},"26":{"start":{"line":55,"column":16},"end":{"line":55,"column":null}},"27":{"start":{"line":56,"column":4},"end":{"line":56,"column":null}},"28":{"start":{"line":57,"column":4},"end":{"line":57,"column":null}},"29":{"start":{"line":57,"column":22},"end":{"line":57,"column":null}},"30":{"start":{"line":58,"column":4},"end":{"line":58,"column":null}},"31":{"start":{"line":60,"column":4},"end":{"line":60,"column":null}},"32":{"start":{"line":61,"column":4},"end":{"line":61,"column":null}},"33":{"start":{"line":62,"column":4},"end":{"line":62,"column":null}},"34":{"start":{"line":67,"column":2},"end":{"line":67,"column":null}},"35":{"start":{"line":67,"column":14},"end":{"line":67,"column":null}},"36":{"start":{"line":68,"column":2},"end":{"line":68,"column":null}},"37":{"start":{"line":69,"column":2},"end":{"line":69,"column":null}},"38":{"start":{"line":70,"column":2},"end":{"line":73,"column":null}},"39":{"start":{"line":71,"column":26},"end":{"line":71,"column":null}},"40":{"start":{"line":72,"column":4},"end":{"line":72,"column":null}},"41":{"start":{"line":77,"column":16},"end":{"line":77,"column":null}},"42":{"start":{"line":78,"column":2},"end":{"line":83,"column":null}},"43":{"start":{"line":84,"column":2},"end":{"line":84,"column":null}},"44":{"start":{"line":85,"column":2},"end":{"line":85,"column":null}},"45":{"start":{"line":89,"column":16},"end":{"line":89,"column":null}},"46":{"start":{"line":90,"column":16},"end":{"line":90,"column":null}},"47":{"start":{"line":91,"column":2},"end":{"line":91,"column":null}},"48":{"start":{"line":91,"column":14},"end":{"line":91,"column":null}},"49":{"start":{"line":92,"column":2},"end":{"line":97,"column":null}},"50":{"start":{"line":93,"column":4},"end":{"line":93,"column":null}},"51":{"start":{"line":95,"column":4},"end":{"line":95,"column":null}},"52":{"start":{"line":96,"column":4},"end":{"line":96,"column":null}},"53":{"start":{"line":101,"column":16},"end":{"line":101,"column":null}},"54":{"start":{"line":102,"column":2},"end":{"line":102,"column":null}},"55":{"start":{"line":102,"column":28},"end":{"line":102,"column":null}},"56":{"start":{"line":103,"column":2},"end":{"line":103,"column":null}},"57":{"start":{"line":104,"column":2},"end":{"line":104,"column":null}},"58":{"start":{"line":105,"column":2},"end":{"line":105,"column":null}},"59":{"start":{"line":109,"column":2},"end":{"line":111,"column":null}},"60":{"start":{"line":110,"column":4},"end":{"line":110,"column":null}},"61":{"start":{"line":112,"column":20},"end":{"line":112,"column":null}},"62":{"start":{"line":113,"column":2},"end":{"line":113,"column":null}},"63":{"start":{"line":113,"column":17},"end":{"line":113,"column":null}},"64":{"start":{"line":114,"column":24},"end":{"line":114,"column":null}},"65":{"start":{"line":115,"column":2},"end":{"line":115,"column":null}},"66":{"start":{"line":115,"column":21},"end":{"line":115,"column":null}},"67":{"start":{"line":116,"column":21},"end":{"line":116,"column":null}},"68":{"start":{"line":117,"column":2},"end":{"line":117,"column":null}},"69":{"start":{"line":117,"column":18},"end":{"line":117,"column":null}},"70":{"start":{"line":118,"column":2},"end":{"line":118,"column":null}}},"fnMap":{"0":{"name":"deriveKey","decl":{"start":{"line":24,"column":9},"end":{"line":24,"column":29}},"loc":{"start":{"line":24,"column":29},"end":{"line":27,"column":null}},"line":24},"1":{"name":"encrypt","decl":{"start":{"line":29,"column":9},"end":{"line":29,"column":17}},"loc":{"start":{"line":29,"column":40},"end":{"line":35,"column":null}},"line":29},"2":{"name":"decrypt","decl":{"start":{"line":37,"column":9},"end":{"line":37,"column":17}},"loc":{"start":{"line":37,"column":39},"end":{"line":46,"column":null}},"line":37},"3":{"name":"loadVault","decl":{"start":{"line":48,"column":9},"end":{"line":48,"column":28}},"loc":{"start":{"line":48,"column":28},"end":{"line":64,"column":null}},"line":48},"4":{"name":"persist","decl":{"start":{"line":66,"column":9},"end":{"line":66,"column":25}},"loc":{"start":{"line":66,"column":25},"end":{"line":74,"column":null}},"line":66},"5":{"name":"setUserKey","decl":{"start":{"line":76,"column":16},"end":{"line":76,"column":27}},"loc":{"start":{"line":76,"column":110},"end":{"line":86,"column":null}},"line":76},"6":{"name":"getUserKey","decl":{"start":{"line":88,"column":16},"end":{"line":88,"column":27}},"loc":{"start":{"line":88,"column":62},"end":{"line":98,"column":null}},"line":88},"7":{"name":"deleteUserKey","decl":{"start":{"line":100,"column":16},"end":{"line":100,"column":30}},"loc":{"start":{"line":100,"column":55},"end":{"line":106,"column":null}},"line":100},"8":{"name":"resolveCredentials","decl":{"start":{"line":108,"column":16},"end":{"line":108,"column":35}},"loc":{"start":{"line":108,"column":139},"end":{"line":119,"column":null}},"line":108}},"branchMap":{"0":{"loc":{"start":{"line":25,"column":17},"end":{"line":25,"column":null}},"type":"binary-expr","locations":[{"start":{"line":25,"column":17},"end":{"line":25,"column":50}},{"start":{"line":25,"column":50},"end":{"line":25,"column":84}},{"start":{"line":25,"column":84},"end":{"line":25,"column":null}}],"line":25},"1":{"loc":{"start":{"line":39,"column":2},"end":{"line":39,"column":null}},"type":"if","locations":[{"start":{"line":39,"column":2},"end":{"line":39,"column":null}},{"start":{},"end":{}}],"line":39},"2":{"loc":{"start":{"line":41,"column":2},"end":{"line":41,"column":null}},"type":"if","locations":[{"start":{"line":41,"column":2},"end":{"line":41,"column":null}},{"start":{},"end":{}}],"line":41},"3":{"loc":{"start":{"line":41,"column":6},"end":{"line":41,"column":27}},"type":"binary-expr","locations":[{"start":{"line":41,"column":6},"end":{"line":41,"column":13}},{"start":{"line":41,"column":13},"end":{"line":41,"column":21}},{"start":{"line":41,"column":21},"end":{"line":41,"column":27}}],"line":41},"4":{"loc":{"start":{"line":49,"column":2},"end":{"line":49,"column":null}},"type":"if","locations":[{"start":{"line":49,"column":2},"end":{"line":49,"column":null}},{"start":{},"end":{}}],"line":49},"5":{"loc":{"start":{"line":50,"column":2},"end":{"line":53,"column":null}},"type":"if","locations":[{"start":{"line":50,"column":2},"end":{"line":53,"column":null}},{"start":{},"end":{}}],"line":50},"6":{"loc":{"start":{"line":57,"column":4},"end":{"line":57,"column":null}},"type":"if","locations":[{"start":{"line":57,"column":4},"end":{"line":57,"column":null}},{"start":{},"end":{}}],"line":57},"7":{"loc":{"start":{"line":67,"column":2},"end":{"line":67,"column":null}},"type":"if","locations":[{"start":{"line":67,"column":2},"end":{"line":67,"column":null}},{"start":{},"end":{}}],"line":67},"8":{"loc":{"start":{"line":91,"column":2},"end":{"line":91,"column":null}},"type":"if","locations":[{"start":{"line":91,"column":2},"end":{"line":91,"column":null}},{"start":{},"end":{}}],"line":91},"9":{"loc":{"start":{"line":102,"column":2},"end":{"line":102,"column":null}},"type":"if","locations":[{"start":{"line":102,"column":2},"end":{"line":102,"column":null}},{"start":{},"end":{}}],"line":102},"10":{"loc":{"start":{"line":109,"column":2},"end":{"line":111,"column":null}},"type":"if","locations":[{"start":{"line":109,"column":2},"end":{"line":111,"column":null}},{"start":{},"end":{}}],"line":109},"11":{"loc":{"start":{"line":113,"column":2},"end":{"line":113,"column":null}},"type":"if","locations":[{"start":{"line":113,"column":2},"end":{"line":113,"column":null}},{"start":{},"end":{}}],"line":113},"12":{"loc":{"start":{"line":115,"column":2},"end":{"line":115,"column":null}},"type":"if","locations":[{"start":{"line":115,"column":2},"end":{"line":115,"column":null}},{"start":{},"end":{}}],"line":115},"13":{"loc":{"start":{"line":117,"column":2},"end":{"line":117,"column":null}},"type":"if","locations":[{"start":{"line":117,"column":2},"end":{"line":117,"column":null}},{"start":{},"end":{}}],"line":117},"14":{"loc":{"start":{"line":117,"column":75},"end":{"line":117,"column":118}},"type":"binary-expr","locations":[{"start":{"line":117,"column":75},"end":{"line":117,"column":104}},{"start":{"line":117,"column":104},"end":{"line":117,"column":118}}],"line":117}},"s":{"0":1,"1":1,"2":1,"3":0,"4":0,"5":0,"6":0,"7":0,"8":0,"9":0,"10":0,"11":0,"12":0,"13":0,"14":0,"15":0,"16":0,"17":0,"18":0,"19":0,"20":0,"21":0,"22":0,"23":0,"24":0,"25":0,"26":0,"27":0,"28":0,"29":0,"30":0,"31":0,"32":0,"33":0,"34":0,"35":0,"36":0,"37":0,"38":0,"39":0,"40":0,"41":0,"42":0,"43":0,"44":0,"45":0,"46":0,"47":0,"48":0,"49":0,"50":0,"51":0,"52":0,"53":0,"54":0,"55":0,"56":0,"57":0,"58":0,"59":4,"60":0,"61":4,"62":4,"63":1,"64":3,"65":3,"66":1,"67":2,"68":2,"69":1,"70":1},"f":{"0":0,"1":0,"2":0,"3":0,"4":0,"5":0,"6":0,"7":0,"8":4},"b":{"0":[0,0,0],"1":[0,0],"2":[0,0],"3":[0,0,0],"4":[0,0],"5":[0,0],"6":[0,0],"7":[0,0],"8":[0,0],"9":[0,0],"10":[0,4],"11":[1,3],"12":[1,2],"13":[1,1],"14":[1,1]},"meta":{"lastBranch":15,"lastFunction":9,"lastStatement":71,"seen":{"s:7:12:7:Infinity":0,"s:9:19:9:Infinity":1,"s:22:26:22:Infinity":2,"f:24:9:24:29":0,"s:25:17:25:Infinity":3,"b:25:17:25:50:25:50:25:84:25:84:25:Infinity":0,"s:26:2:26:Infinity":4,"f:29:9:29:17":1,"s:30:13:30:Infinity":5,"s:31:17:31:Infinity":6,"s:32:14:32:Infinity":7,"s:33:14:33:Infinity":8,"s:34:2:34:Infinity":9,"f:37:9:37:17":2,"s:38:16:38:Infinity":10,"b:39:2:39:Infinity:undefined:undefined:undefined:undefined":1,"s:39:2:39:Infinity":11,"s:39:26:39:Infinity":12,"s:40:25:40:Infinity":13,"b:41:2:41:Infinity:undefined:undefined:undefined:undefined":2,"s:41:2:41:Infinity":14,"b:41:6:41:13:41:13:41:21:41:21:41:27":3,"s:41:27:41:Infinity":15,"s:42:19:42:Infinity":16,"s:43:2:43:Infinity":17,"s:44:14:44:Infinity":18,"s:45:2:45:Infinity":19,"f:48:9:48:28":3,"b:49:2:49:Infinity:undefined:undefined:undefined:undefined":4,"s:49:2:49:Infinity":20,"s:49:13:49:Infinity":21,"b:50:2:53:Infinity:undefined:undefined:undefined:undefined":5,"s:50:2:53:Infinity":22,"s:51:4:51:Infinity":23,"s:52:4:52:Infinity":24,"s:54:2:63:Infinity":25,"s:55:16:55:Infinity":26,"s:56:4:56:Infinity":27,"b:57:4:57:Infinity:undefined:undefined:undefined:undefined":6,"s:57:4:57:Infinity":28,"s:57:22:57:Infinity":29,"s:58:4:58:Infinity":30,"s:60:4:60:Infinity":31,"s:61:4:61:Infinity":32,"s:62:4:62:Infinity":33,"f:66:9:66:25":4,"b:67:2:67:Infinity:undefined:undefined:undefined:undefined":7,"s:67:2:67:Infinity":34,"s:67:14:67:Infinity":35,"s:68:2:68:Infinity":36,"s:69:2:69:Infinity":37,"s:70:2:73:Infinity":38,"s:71:26:71:Infinity":39,"s:72:4:72:Infinity":40,"f:76:16:76:27":5,"s:77:16:77:Infinity":41,"s:78:2:83:Infinity":42,"s:84:2:84:Infinity":43,"s:85:2:85:Infinity":44,"f:88:16:88:27":6,"s:89:16:89:Infinity":45,"s:90:16:90:Infinity":46,"b:91:2:91:Infinity:undefined:undefined:undefined:undefined":8,"s:91:2:91:Infinity":47,"s:91:14:91:Infinity":48,"s:92:2:97:Infinity":49,"s:93:4:93:Infinity":50,"s:95:4:95:Infinity":51,"s:96:4:96:Infinity":52,"f:100:16:100:30":7,"s:101:16:101:Infinity":53,"b:102:2:102:Infinity:undefined:undefined:undefined:undefined":9,"s:102:2:102:Infinity":54,"s:102:28:102:Infinity":55,"s:103:2:103:Infinity":56,"s:104:2:104:Infinity":57,"s:105:2:105:Infinity":58,"f:108:16:108:35":8,"b:109:2:111:Infinity:undefined:undefined:undefined:undefined":10,"s:109:2:111:Infinity":59,"s:110:4:110:Infinity":60,"s:112:20:112:Infinity":61,"b:113:2:113:Infinity:undefined:undefined:undefined:undefined":11,"s:113:2:113:Infinity":62,"s:113:17:113:Infinity":63,"s:114:24:114:Infinity":64,"b:115:2:115:Infinity:undefined:undefined:undefined:undefined":12,"s:115:2:115:Infinity":65,"s:115:21:115:Infinity":66,"s:116:21:116:Infinity":67,"b:117:2:117:Infinity:undefined:undefined:undefined:undefined":13,"s:117:2:117:Infinity":68,"s:117:18:117:Infinity":69,"b:117:75:117:104:117:104:117:118":14,"s:118:2:118:Infinity":70},"fnNames":{}}}
}
